[debug] [2019-07-02T23:43:03.696Z] ----------------------------------------------------------------------
[debug] [2019-07-02T23:43:03.714Z] Command:       /usr/local/bin/node /home/runner/.npm-global/bin/firebase login
[debug] [2019-07-02T23:43:03.716Z] CLI Version:   7.0.2
[debug] [2019-07-02T23:43:03.716Z] Platform:      linux
[debug] [2019-07-02T23:43:03.716Z] Node Version:  v10.15.2
[debug] [2019-07-02T23:43:03.716Z] Time:          Tue Jul 02 2019 23:43:03 GMT+0000 (Coordinated Universal Time)
[debug] [2019-07-02T23:43:03.716Z] ----------------------------------------------------------------------
[debug] 
[info] 
[info] Visit this URL on any device to log in:
[info] https://accounts.google.com/o/oauth2/auth?client_id=563584335869-fgrhgmd47bqnekij5i8b5pr03ho849e6.apps.googleusercontent.com&scope=email%20openid%20https%3A%2F%2Fwww.googleapis.com%2Fauth%2Fcloudplatformprojects.readonly%20https%3A%2F%2Fwww.googleapis.com%2Fauth%2Ffirebase%20https%3A%2F%2Fwww.googleapis.com%2Fauth%2Fcloud-platform&response_type=code&state=461121999&redirect_uri=http%3A%2F%2Flocalhost%3A9005
[info] 
[info] Waiting for authentication...
[debug] [2019-07-02T23:52:57.000Z] ----------------------------------------------------------------------
[debug] [2019-07-02T23:52:57.003Z] Command:       /usr/local/bin/node /home/runner/.npm-global/bin/firebase login
[debug] [2019-07-02T23:52:57.004Z] CLI Version:   7.0.2
[debug] [2019-07-02T23:52:57.004Z] Platform:      linux
[debug] [2019-07-02T23:52:57.004Z] Node Version:  v10.15.2
[debug] [2019-07-02T23:52:57.004Z] Time:          Tue Jul 02 2019 23:52:57 GMT+0000 (Coordinated Universal Time)
[debug] [2019-07-02T23:52:57.004Z] ----------------------------------------------------------------------
[debug] 
[info] 
[info] Visit this URL on any device to log in:
[info] https://accounts.google.com/o/oauth2/auth?client_id=563584335869-fgrhgmd47bqnekij5i8b5pr03ho849e6.apps.googleusercontent.com&scope=email%20openid%20https%3A%2F%2Fwww.googleapis.com%2Fauth%2Fcloudplatformprojects.readonly%20https%3A%2F%2Fwww.googleapis.com%2Fauth%2Ffirebase%20https%3A%2F%2Fwww.googleapis.com%2Fauth%2Fcloud-platform&response_type=code&state=812244845&redirect_uri=http%3A%2F%2Flocalhost%3A9006
[info] 
[info] Waiting for authentication...
[debug] [2019-07-03T00:18:04.005Z] ----------------------------------------------------------------------
[debug] [2019-07-03T00:18:04.009Z] Command:       /usr/local/bin/node /home/runner/.npm-global/bin/firebase login
[debug] [2019-07-03T00:18:04.009Z] CLI Version:   7.0.2
[debug] [2019-07-03T00:18:04.009Z] Platform:      linux
[debug] [2019-07-03T00:18:04.009Z] Node Version:  v10.15.2
[debug] [2019-07-03T00:18:04.010Z] Time:          Wed Jul 03 2019 00:18:04 GMT+0000 (Coordinated Universal Time)
[debug] [2019-07-03T00:18:04.010Z] ----------------------------------------------------------------------
[debug] 
[info] 
[info] Visit this URL on any device to log in:
[info] https://accounts.google.com/o/oauth2/auth?client_id=563584335869-fgrhgmd47bqnekij5i8b5pr03ho849e6.apps.googleusercontent.com&scope=email%20openid%20https%3A%2F%2Fwww.googleapis.com%2Fauth%2Fcloudplatformprojects.readonly%20https%3A%2F%2Fwww.googleapis.com%2Fauth%2Ffirebase%20https%3A%2F%2Fwww.googleapis.com%2Fauth%2Fcloud-platform&response_type=code&state=892060806&redirect_uri=http%3A%2F%2Flocalhost%3A9007
[info] 
[info] Waiting for authentication...
